2021-12-28 14:01:16,329 - Log4JLogChute initialized using file 'velocity.log'
2021-12-28 14:01:16,329 - Initializing Velocity, Calling init()...
2021-12-28 14:01:16,329 - Starting Apache Velocity v1.7 (compiled: 2010-11-19 12:14:37)
2021-12-28 14:01:16,329 - Default Properties File: org\apache\velocity\runtime\defaults\velocity.properties
2021-12-28 14:01:16,329 - Trying to use logger class org.apache.velocity.runtime.log.AvalonLogChute
2021-12-28 14:01:16,329 - Target log system for org.apache.velocity.runtime.log.AvalonLogChute is not available (java.lang.NoClassDefFoundError: org/apache/log/format/Formatter).  Falling back to next log system...
2021-12-28 14:01:16,329 - Trying to use logger class org.apache.velocity.runtime.log.Log4JLogChute
2021-12-28 14:01:16,330 - Using logger class org.apache.velocity.runtime.log.Log4JLogChute
2021-12-28 14:01:16,334 - ResourceLoader instantiated: org.apache.velocity.runtime.resource.loader.ClasspathResourceLoader
2021-12-28 14:01:16,391 - ResourceCache: initialized (class org.apache.velocity.runtime.resource.ResourceCacheImpl) with class java.util.Collections$SynchronizedMap cache map.
2021-12-28 14:01:16,392 - Loaded System Directive: org.apache.velocity.runtime.directive.Stop
2021-12-28 14:01:16,394 - Loaded System Directive: org.apache.velocity.runtime.directive.Define
2021-12-28 14:01:16,394 - Loaded System Directive: org.apache.velocity.runtime.directive.Break
2021-12-28 14:01:16,395 - Loaded System Directive: org.apache.velocity.runtime.directive.Evaluate
2021-12-28 14:01:16,396 - Loaded System Directive: org.apache.velocity.runtime.directive.Literal
2021-12-28 14:01:16,397 - Loaded System Directive: org.apache.velocity.runtime.directive.Macro
2021-12-28 14:01:16,398 - Loaded System Directive: org.apache.velocity.runtime.directive.Parse
2021-12-28 14:01:16,399 - Loaded System Directive: org.apache.velocity.runtime.directive.Include
2021-12-28 14:01:16,401 - Loaded System Directive: org.apache.velocity.runtime.directive.Foreach
2021-12-28 14:01:16,434 - Created '20' parsers.
2021-12-28 14:01:16,440 - Velocimacro : "velocimacro.library" is not set.  Trying default library: VM_global_library.vm
2021-12-28 14:01:16,440 - Could not load resource 'VM_global_library.vm' from ResourceLoader org.apache.velocity.runtime.resource.loader.ClasspathResourceLoader: ClasspathResourceLoader Error: cannot find resource VM_global_library.vm
2021-12-28 14:01:16,441 - Velocimacro : Default library not found.
2021-12-28 14:01:16,441 - Velocimacro : allowInline = true : VMs can be defined inline in templates
2021-12-28 14:01:16,441 - Velocimacro : allowInlineToOverride = false : VMs defined inline may NOT replace previous VM definitions
2021-12-28 14:01:16,441 - Velocimacro : allowInlineLocal = false : VMs defined inline will be global in scope if allowed.
2021-12-28 14:01:16,441 - Velocimacro : autoload off : VM system will not automatically reload global library macros
2021-12-28 14:01:16,469 - ResourceManager : found /templates/entity.java.vm with loader org.apache.velocity.runtime.resource.loader.ClasspathResourceLoader
2021-12-28 14:01:16,786 - Left side (${versionFieldName}) of '==' operation has null value. If it is a reference, it may not be in the context or its toString() returned null. /templates/entity.java.vm[line 76, column 26]
2021-12-28 14:01:16,786 - Left side (${logicDeleteFieldName}) of '==' operation has null value. If it is a reference, it may not be in the context or its toString() returned null. /templates/entity.java.vm[line 80, column 30]
2021-12-28 14:01:16,787 - Left side (${versionFieldName}) of '==' operation has null value. If it is a reference, it may not be in the context or its toString() returned null. /templates/entity.java.vm[line 76, column 26]
2021-12-28 14:01:16,787 - Left side (${logicDeleteFieldName}) of '==' operation has null value. If it is a reference, it may not be in the context or its toString() returned null. /templates/entity.java.vm[line 80, column 30]
2021-12-28 14:01:16,787 - Left side (${versionFieldName}) of '==' operation has null value. If it is a reference, it may not be in the context or its toString() returned null. /templates/entity.java.vm[line 76, column 26]
2021-12-28 14:01:16,787 - Left side (${logicDeleteFieldName}) of '==' operation has null value. If it is a reference, it may not be in the context or its toString() returned null. /templates/entity.java.vm[line 80, column 30]
2021-12-28 14:01:16,787 - Left side (${versionFieldName}) of '==' operation has null value. If it is a reference, it may not be in the context or its toString() returned null. /templates/entity.java.vm[line 76, column 26]
2021-12-28 14:01:16,787 - Left side (${logicDeleteFieldName}) of '==' operation has null value. If it is a reference, it may not be in the context or its toString() returned null. /templates/entity.java.vm[line 80, column 30]
2021-12-28 14:01:16,787 - Left side (${versionFieldName}) of '==' operation has null value. If it is a reference, it may not be in the context or its toString() returned null. /templates/entity.java.vm[line 76, column 26]
2021-12-28 14:01:16,787 - Left side (${logicDeleteFieldName}) of '==' operation has null value. If it is a reference, it may not be in the context or its toString() returned null. /templates/entity.java.vm[line 80, column 30]
2021-12-28 14:01:16,788 - Left side (${versionFieldName}) of '==' operation has null value. If it is a reference, it may not be in the context or its toString() returned null. /templates/entity.java.vm[line 76, column 26]
2021-12-28 14:01:16,788 - Left side (${logicDeleteFieldName}) of '==' operation has null value. If it is a reference, it may not be in the context or its toString() returned null. /templates/entity.java.vm[line 80, column 30]
2021-12-28 14:01:16,788 - Left side (${versionFieldName}) of '==' operation has null value. If it is a reference, it may not be in the context or its toString() returned null. /templates/entity.java.vm[line 76, column 26]
2021-12-28 14:01:16,788 - Left side (${logicDeleteFieldName}) of '==' operation has null value. If it is a reference, it may not be in the context or its toString() returned null. /templates/entity.java.vm[line 80, column 30]
2021-12-28 14:01:16,796 - ResourceManager : found /templates/mapper.java.vm with loader org.apache.velocity.runtime.resource.loader.ClasspathResourceLoader
2021-12-28 14:01:16,799 - ResourceManager : found /templates/mapper.xml.vm with loader org.apache.velocity.runtime.resource.loader.ClasspathResourceLoader
2021-12-28 14:01:16,803 - ResourceManager : found /templates/service.java.vm with loader org.apache.velocity.runtime.resource.loader.ClasspathResourceLoader
2021-12-28 14:01:16,805 - ResourceManager : found /templates/serviceImpl.java.vm with loader org.apache.velocity.runtime.resource.loader.ClasspathResourceLoader
2021-12-28 14:01:17,745 - ResourceManager : found /templates/controller.java.vm with loader org.apache.velocity.runtime.resource.loader.ClasspathResourceLoader
2021-12-28 14:01:17,751 - ResourceManager : found /templates/entity.java.vm with loader org.apache.velocity.runtime.resource.loader.ClasspathResourceLoader
2021-12-28 14:01:17,752 - Left side (${versionFieldName}) of '==' operation has null value. If it is a reference, it may not be in the context or its toString() returned null. /templates/entity.java.vm[line 76, column 26]
2021-12-28 14:01:17,753 - Left side (${logicDeleteFieldName}) of '==' operation has null value. If it is a reference, it may not be in the context or its toString() returned null. /templates/entity.java.vm[line 80, column 30]
2021-12-28 14:01:17,753 - Left side (${versionFieldName}) of '==' operation has null value. If it is a reference, it may not be in the context or its toString() returned null. /templates/entity.java.vm[line 76, column 26]
2021-12-28 14:01:17,753 - Left side (${logicDeleteFieldName}) of '==' operation has null value. If it is a reference, it may not be in the context or its toString() returned null. /templates/entity.java.vm[line 80, column 30]
2021-12-28 14:01:17,753 - Left side (${versionFieldName}) of '==' operation has null value. If it is a reference, it may not be in the context or its toString() returned null. /templates/entity.java.vm[line 76, column 26]
2021-12-28 14:01:17,753 - Left side (${logicDeleteFieldName}) of '==' operation has null value. If it is a reference, it may not be in the context or its toString() returned null. /templates/entity.java.vm[line 80, column 30]
2021-12-28 14:01:17,753 - Left side (${versionFieldName}) of '==' operation has null value. If it is a reference, it may not be in the context or its toString() returned null. /templates/entity.java.vm[line 76, column 26]
2021-12-28 14:01:17,753 - Left side (${logicDeleteFieldName}) of '==' operation has null value. If it is a reference, it may not be in the context or its toString() returned null. /templates/entity.java.vm[line 80, column 30]
2021-12-28 14:01:17,753 - Left side (${versionFieldName}) of '==' operation has null value. If it is a reference, it may not be in the context or its toString() returned null. /templates/entity.java.vm[line 76, column 26]
2021-12-28 14:01:17,753 - Left side (${logicDeleteFieldName}) of '==' operation has null value. If it is a reference, it may not be in the context or its toString() returned null. /templates/entity.java.vm[line 80, column 30]
2021-12-28 14:01:17,756 - ResourceManager : found /templates/mapper.java.vm with loader org.apache.velocity.runtime.resource.loader.ClasspathResourceLoader
2021-12-28 14:01:17,759 - ResourceManager : found /templates/mapper.xml.vm with loader org.apache.velocity.runtime.resource.loader.ClasspathResourceLoader
2021-12-28 14:01:17,762 - ResourceManager : found /templates/service.java.vm with loader org.apache.velocity.runtime.resource.loader.ClasspathResourceLoader
2021-12-28 14:01:17,764 - ResourceManager : found /templates/serviceImpl.java.vm with loader org.apache.velocity.runtime.resource.loader.ClasspathResourceLoader
2021-12-28 14:01:17,766 - ResourceManager : found /templates/controller.java.vm with loader org.apache.velocity.runtime.resource.loader.ClasspathResourceLoader
2021-12-28 14:51:06,454 - Log4JLogChute initialized using file 'velocity.log'
2021-12-28 14:51:06,499 - Initializing Velocity, Calling init()...
2021-12-28 14:51:06,499 - Starting Apache Velocity v1.7 (compiled: 2010-11-19 12:14:37)
2021-12-28 14:51:06,499 - Default Properties File: org\apache\velocity\runtime\defaults\velocity.properties
2021-12-28 14:51:06,499 - Trying to use logger class org.apache.velocity.runtime.log.AvalonLogChute
2021-12-28 14:51:06,499 - Target log system for org.apache.velocity.runtime.log.AvalonLogChute is not available (java.lang.NoClassDefFoundError: org/apache/log/format/Formatter).  Falling back to next log system...
2021-12-28 14:51:06,499 - Trying to use logger class org.apache.velocity.runtime.log.Log4JLogChute
2021-12-28 14:51:06,499 - Using logger class org.apache.velocity.runtime.log.Log4JLogChute
2021-12-28 14:51:06,503 - ResourceLoader instantiated: org.apache.velocity.runtime.resource.loader.ClasspathResourceLoader
2021-12-28 14:51:06,533 - ResourceCache: initialized (class org.apache.velocity.runtime.resource.ResourceCacheImpl) with class java.util.Collections$SynchronizedMap cache map.
2021-12-28 14:51:06,534 - Loaded System Directive: org.apache.velocity.runtime.directive.Stop
2021-12-28 14:51:06,535 - Loaded System Directive: org.apache.velocity.runtime.directive.Define
2021-12-28 14:51:06,536 - Loaded System Directive: org.apache.velocity.runtime.directive.Break
2021-12-28 14:51:06,536 - Loaded System Directive: org.apache.velocity.runtime.directive.Evaluate
2021-12-28 14:51:06,537 - Loaded System Directive: org.apache.velocity.runtime.directive.Literal
2021-12-28 14:51:06,537 - Loaded System Directive: org.apache.velocity.runtime.directive.Macro
2021-12-28 14:51:06,538 - Loaded System Directive: org.apache.velocity.runtime.directive.Parse
2021-12-28 14:51:06,539 - Loaded System Directive: org.apache.velocity.runtime.directive.Include
2021-12-28 14:51:06,540 - Loaded System Directive: org.apache.velocity.runtime.directive.Foreach
2021-12-28 14:51:06,561 - Created '20' parsers.
2021-12-28 14:51:06,565 - Velocimacro : "velocimacro.library" is not set.  Trying default library: VM_global_library.vm
2021-12-28 14:51:06,565 - Could not load resource 'VM_global_library.vm' from ResourceLoader org.apache.velocity.runtime.resource.loader.ClasspathResourceLoader: ClasspathResourceLoader Error: cannot find resource VM_global_library.vm
2021-12-28 14:51:06,566 - Velocimacro : Default library not found.
2021-12-28 14:51:06,566 - Velocimacro : allowInline = true : VMs can be defined inline in templates
2021-12-28 14:51:06,566 - Velocimacro : allowInlineToOverride = false : VMs defined inline may NOT replace previous VM definitions
2021-12-28 14:51:06,566 - Velocimacro : allowInlineLocal = false : VMs defined inline will be global in scope if allowed.
2021-12-28 14:51:06,566 - Velocimacro : autoload off : VM system will not automatically reload global library macros
2021-12-28 14:51:06,585 - ResourceManager : found /templates/entity.java.vm with loader org.apache.velocity.runtime.resource.loader.ClasspathResourceLoader
2021-12-28 14:51:06,595 - Left side (${versionFieldName}) of '==' operation has null value. If it is a reference, it may not be in the context or its toString() returned null. /templates/entity.java.vm[line 76, column 26]
2021-12-28 14:51:06,595 - Left side (${logicDeleteFieldName}) of '==' operation has null value. If it is a reference, it may not be in the context or its toString() returned null. /templates/entity.java.vm[line 80, column 30]
2021-12-28 14:51:06,595 - Left side (${versionFieldName}) of '==' operation has null value. If it is a reference, it may not be in the context or its toString() returned null. /templates/entity.java.vm[line 76, column 26]
2021-12-28 14:51:06,595 - Left side (${logicDeleteFieldName}) of '==' operation has null value. If it is a reference, it may not be in the context or its toString() returned null. /templates/entity.java.vm[line 80, column 30]
2021-12-28 14:51:06,595 - Left side (${versionFieldName}) of '==' operation has null value. If it is a reference, it may not be in the context or its toString() returned null. /templates/entity.java.vm[line 76, column 26]
2021-12-28 14:51:06,595 - Left side (${logicDeleteFieldName}) of '==' operation has null value. If it is a reference, it may not be in the context or its toString() returned null. /templates/entity.java.vm[line 80, column 30]
2021-12-28 14:51:06,595 - Left side (${versionFieldName}) of '==' operation has null value. If it is a reference, it may not be in the context or its toString() returned null. /templates/entity.java.vm[line 76, column 26]
2021-12-28 14:51:06,595 - Left side (${logicDeleteFieldName}) of '==' operation has null value. If it is a reference, it may not be in the context or its toString() returned null. /templates/entity.java.vm[line 80, column 30]
2021-12-28 14:51:06,595 - Left side (${versionFieldName}) of '==' operation has null value. If it is a reference, it may not be in the context or its toString() returned null. /templates/entity.java.vm[line 76, column 26]
2021-12-28 14:51:06,595 - Left side (${logicDeleteFieldName}) of '==' operation has null value. If it is a reference, it may not be in the context or its toString() returned null. /templates/entity.java.vm[line 80, column 30]
2021-12-28 14:51:06,596 - Left side (${versionFieldName}) of '==' operation has null value. If it is a reference, it may not be in the context or its toString() returned null. /templates/entity.java.vm[line 76, column 26]
2021-12-28 14:51:06,596 - Left side (${logicDeleteFieldName}) of '==' operation has null value. If it is a reference, it may not be in the context or its toString() returned null. /templates/entity.java.vm[line 80, column 30]
2021-12-28 14:51:06,596 - Left side (${versionFieldName}) of '==' operation has null value. If it is a reference, it may not be in the context or its toString() returned null. /templates/entity.java.vm[line 76, column 26]
2021-12-28 14:51:06,596 - Left side (${logicDeleteFieldName}) of '==' operation has null value. If it is a reference, it may not be in the context or its toString() returned null. /templates/entity.java.vm[line 80, column 30]
2021-12-28 14:51:06,597 - Left side (${versionFieldName}) of '==' operation has null value. If it is a reference, it may not be in the context or its toString() returned null. /templates/entity.java.vm[line 76, column 26]
2021-12-28 14:51:06,597 - Left side (${logicDeleteFieldName}) of '==' operation has null value. If it is a reference, it may not be in the context or its toString() returned null. /templates/entity.java.vm[line 80, column 30]
2021-12-28 14:51:06,597 - Left side (${versionFieldName}) of '==' operation has null value. If it is a reference, it may not be in the context or its toString() returned null. /templates/entity.java.vm[line 76, column 26]
2021-12-28 14:51:06,597 - Left side (${logicDeleteFieldName}) of '==' operation has null value. If it is a reference, it may not be in the context or its toString() returned null. /templates/entity.java.vm[line 80, column 30]
2021-12-28 14:51:06,602 - ResourceManager : found /templates/mapper.java.vm with loader org.apache.velocity.runtime.resource.loader.ClasspathResourceLoader
2021-12-28 14:51:06,605 - ResourceManager : found /templates/mapper.xml.vm with loader org.apache.velocity.runtime.resource.loader.ClasspathResourceLoader
2021-12-28 14:51:06,607 - ResourceManager : found /templates/service.java.vm with loader org.apache.velocity.runtime.resource.loader.ClasspathResourceLoader
2021-12-28 14:51:06,608 - ResourceManager : found /templates/serviceImpl.java.vm with loader org.apache.velocity.runtime.resource.loader.ClasspathResourceLoader
2021-12-28 14:51:06,680 - ResourceManager : found /templates/controller.java.vm with loader org.apache.velocity.runtime.resource.loader.ClasspathResourceLoader
